# JRE version: OpenJDK Runtime Environment (11.0.10) (build 11.0.10+0-b96-7249189)
# Java VM: OpenJDK 64-Bit Server VM (11.0.10+0-b96-7249189, mixed mode, tiered, compressed oops, g1 gc, windows-amd64)
Heap:
 garbage-first heap   total 675840K, used 216042K [0x0000000080000000, 0x0000000100000000)
  region size 1024K, 2 young (2048K), 2 survivors (2048K)
 Metaspace       used 132041K, capacity 136600K, committed 136868K, reserved 1169408K
  class space    used 16041K, capacity 17662K, committed 17792K, reserved 1048576K
GC Heap History (20 events):
Event: 1956.467 GC heap after
{Heap after GC invocations=169 (full 0):
 garbage-first heap   total 506880K, used 136470K [0x0000000080000000, 0x0000000100000000)
  region size 1024K, 8 young (8192K), 8 survivors (8192K)
 Metaspace       used 131736K, capacity 136229K, committed 136612K, reserved 1169408K
  class space    used 16040K, capacity 17662K, committed 17792K, reserved 1048576K
}
Event: 1956.950 GC heap before
{Heap before GC invocations=169 (full 0):
 garbage-first heap   total 506880K, used 151830K [0x0000000080000000, 0x0000000100000000)
  region size 1024K, 24 young (24576K), 8 survivors (8192K)
 Metaspace       used 131769K, capacity 136229K, committed 136612K, reserved 1169408K
  class space    used 16040K, capacity 17662K, committed 17792K, reserved 1048576K
}
Event: 1956.988 GC heap after
{Heap after GC invocations=170 (full 0):
 garbage-first heap   total 506880K, used 128596K [0x0000000080000000, 0x0000000100000000)
  region size 1024K, 1 young (1024K), 1 survivors (1024K)
 Metaspace       used 131769K, capacity 136229K, committed 136612K, reserved 1169408K
  class space    used 16040K, capacity 17662K, committed 17792K, reserved 1048576K
}
Event: 1958.395 GC heap before
{Heap before GC invocations=170 (full 0):
 garbage-first heap   total 506880K, used 164436K [0x0000000080000000, 0x0000000100000000)
  region size 1024K, 38 young (38912K), 1 survivors (1024K)
 Metaspace       used 131875K, capacity 136427K, committed 136612K, reserved 1169408K
  class space    used 16048K, capacity 17676K, committed 17792K, reserved 1048576K
}
Event: 1958.410 GC heap after
{Heap after GC invocations=171 (full 0):
 garbage-first heap   total 506880K, used 128945K [0x0000000080000000, 0x0000000100000000)
  region size 1024K, 2 young (2048K), 2 survivors (2048K)
 Metaspace       used 131875K, capacity 136427K, committed 136612K, reserved 1169408K
  class space    used 16048K, capacity 17676K, committed 17792K, reserved 1048576K
}
Event: 1964.992 GC heap before
{Heap before GC invocations=172 (full 0):
 garbage-first heap   total 506880K, used 313265K [0x0000000080000000, 0x0000000100000000)
  region size 1024K, 183 young (187392K), 2 survivors (2048K)
 Metaspace       used 132001K, capacity 136588K, committed 136868K, reserved 1169408K
  class space    used 16052K, capacity 17683K, committed 17792K, reserved 1048576K
}
Event: 1965.169 GC heap after
{Heap after GC invocations=173 (full 0):
 garbage-first heap   total 506880K, used 154184K [0x0000000080000000, 0x0000000100000000)
  region size 1024K, 23 young (23552K), 23 survivors (23552K)
 Metaspace       used 132001K, capacity 136588K, committed 136868K, reserved 1169408K
  class space    used 16052K, capacity 17683K, committed 17792K, reserved 1048576K
}
Event: 1965.189 GC heap before
{Heap before GC invocations=173 (full 0):
 garbage-first heap   total 506880K, used 155208K [0x0000000080000000, 0x0000000100000000)
  region size 1024K, 24 young (24576K), 23 survivors (23552K)
 Metaspace       used 132001K, capacity 136588K, committed 136868K, reserved 1169408K
  class space    used 16052K, capacity 17683K, committed 17792K, reserved 1048576K
}
Event: 1965.320 GC heap after
{Heap after GC invocations=174 (full 0):
 garbage-first heap   total 506880K, used 145408K [0x0000000080000000, 0x0000000100000000)
  region size 1024K, 1 young (1024K), 1 survivors (1024K)
 Metaspace       used 132001K, capacity 136588K, committed 136868K, reserved 1169408K
  class space    used 16052K, capacity 17683K, committed 17792K, reserved 1048576K
}
Event: 1966.427 GC heap before
{Heap before GC invocations=174 (full 0):
 garbage-first heap   total 506880K, used 280576K [0x0000000080000000, 0x0000000100000000)
  region size 1024K, 135 young (138240K), 1 survivors (1024K)
 Metaspace       used 132013K, capacity 136592K, committed 136868K, reserved 1169408K
  class space    used 16052K, capacity 17684K, committed 17792K, reserved 1048576K
}
Event: 1966.615 GC heap after
{Heap after GC invocations=175 (full 0):
 garbage-first heap   total 506880K, used 181760K [0x0000000080000000, 0x0000000100000000)
  region size 1024K, 17 young (17408K), 17 survivors (17408K)
 Metaspace       used 132013K, capacity 136592K, committed 136868K, reserved 1169408K
  class space    used 16052K, capacity 17684K, committed 17792K, reserved 1048576K
}
Event: 1968.702 GC heap before
{Heap before GC invocations=176 (full 0):
 garbage-first heap   total 506880K, used 266752K [0x0000000080000000, 0x0000000100000000)
  region size 1024K, 91 young (93184K), 17 survivors (17408K)
 Metaspace       used 132034K, capacity 136588K, committed 136868K, reserved 1169408K
  class space    used 16051K, capacity 17682K, committed 17792K, reserved 1048576K
}
Event: 1968.904 GC heap after
{Heap after GC invocations=177 (full 0):
 garbage-first heap   total 506880K, used 203008K [0x0000000080000000, 0x0000000100000000)
  region size 1024K, 12 young (12288K), 12 survivors (12288K)
 Metaspace       used 132034K, capacity 136588K, committed 136868K, reserved 1169408K
  class space    used 16051K, capacity 17682K, committed 17792K, reserved 1048576K
}
Event: 1969.200 GC heap before
{Heap before GC invocations=177 (full 0):
 garbage-first heap   total 506880K, used 220416K [0x0000000080000000, 0x0000000100000000)
  region size 1024K, 24 young (24576K), 12 survivors (12288K)
 Metaspace       used 132035K, capacity 136588K, committed 136868K, reserved 1169408K
  class space    used 16051K, capacity 17682K, committed 17792K, reserved 1048576K
}
Event: 1969.373 GC heap after
{Heap after GC invocations=178 (full 0):
 garbage-first heap   total 506880K, used 199168K [0x0000000080000000, 0x0000000100000000)
  region size 1024K, 3 young (3072K), 3 survivors (3072K)
 Metaspace       used 132035K, capacity 136588K, committed 136868K, reserved 1169408K
  class space    used 16051K, capacity 17682K, committed 17792K, reserved 1048576K
}
Event: 1969.456 GC heap before
{Heap before GC invocations=178 (full 0):
 garbage-first heap   total 506880K, used 220672K [0x0000000080000000, 0x0000000100000000)
  region size 1024K, 25 young (25600K), 3 survivors (3072K)
 Metaspace       used 132035K, capacity 136588K, committed 136868K, reserved 1169408K
  class space    used 16051K, capacity 17682K, committed 17792K, reserved 1048576K
}
Event: 1969.490 GC heap after
{Heap after GC invocations=179 (full 0):
 garbage-first heap   total 506880K, used 202976K [0x0000000080000000, 0x0000000100000000)
  region size 1024K, 7 young (7168K), 7 survivors (7168K)
 Metaspace       used 132035K, capacity 136588K, committed 136868K, reserved 1169408K
  class space    used 16051K, capacity 17682K, committed 17792K, reserved 1048576K
}
Event: 1970.970 GC heap before
{Heap before GC invocations=180 (full 0):
 garbage-first heap   total 506880K, used 268512K [0x0000000080000000, 0x0000000100000000)
  region size 1024K, 64 young (65536K), 7 survivors (7168K)
 Metaspace       used 132006K, capacity 136535K, committed 136868K, reserved 1169408K
  class space    used 16041K, capacity 17662K, committed 17792K, reserved 1048576K
}
Event: 1971.046 GC heap after
{Heap after GC invocations=181 (full 0):
 garbage-first heap   total 506880K, used 218005K [0x0000000080000000, 0x0000000100000000)
  region size 1024K, 8 young (8192K), 8 survivors (8192K)
 Metaspace       used 132006K, capacity 136535K, committed 136868K, reserved 1169408K
  class space    used 16041K, capacity 17662K, committed 17792K, reserved 1048576K
}
Event: 1971.317 GC heap before
{Heap before GC invocations=181 (full 0):
 garbage-first heap   total 506880K, used 234389K [0x0000000080000000, 0x0000000100000000)
  region size 1024K, 24 young (24576K), 8 survivors (8192K)
 Metaspace       used 132041K, capacity 136600K, committed 136868K, reserved 1169408K
  class space    used 16041K, capacity 17662K, committed 17792K, reserved 1048576K
}

