# JRE version: OpenJDK Runtime Environment (11.0.10) (build 11.0.10+0-b96-7249189)
# Java VM: OpenJDK 64-Bit Server VM (11.0.10+0-b96-7249189, mixed mode, tiered, compressed oops, g1 gc, windows-amd64)
Heap:
 garbage-first heap   total 194560K, used 86528K [0x0000000080000000, 0x0000000100000000)
  region size 1024K, 1 young (1024K), 1 survivors (1024K)
 Metaspace       used 81449K, capacity 83415K, committed 83568K, reserved 1122304K
  class space    used 10493K, capacity 11234K, committed 11340K, reserved 1048576K
GC Heap History (20 events):
Event: 16.988 GC heap before
{Heap before GC invocations=18 (full 0):
 garbage-first heap   total 110592K, used 80837K [0x0000000080000000, 0x0000000100000000)
  region size 1024K, 48 young (49152K), 6 survivors (6144K)
 Metaspace       used 51876K, capacity 53287K, committed 53372K, reserved 1095680K
  class space    used 6588K, capacity 7091K, committed 7168K, reserved 1048576K
}
Event: 17.015 GC heap after
{Heap after GC invocations=19 (full 0):
 garbage-first heap   total 110592K, used 42274K [0x0000000080000000, 0x0000000100000000)
  region size 1024K, 4 young (4096K), 4 survivors (4096K)
 Metaspace       used 51876K, capacity 53287K, committed 53372K, reserved 1095680K
  class space    used 6588K, capacity 7091K, committed 7168K, reserved 1048576K
}
Event: 18.722 GC heap before
{Heap before GC invocations=19 (full 0):
 garbage-first heap   total 110592K, used 81186K [0x0000000080000000, 0x0000000100000000)
  region size 1024K, 42 young (43008K), 4 survivors (4096K)
 Metaspace       used 58061K, capacity 59462K, committed 59772K, reserved 1101824K
  class space    used 7355K, capacity 7865K, committed 7936K, reserved 1048576K
}
Event: 18.742 GC heap after
{Heap after GC invocations=20 (full 0):
 garbage-first heap   total 134144K, used 44061K [0x0000000080000000, 0x0000000100000000)
  region size 1024K, 2 young (2048K), 2 survivors (2048K)
 Metaspace       used 58061K, capacity 59462K, committed 59772K, reserved 1101824K
  class space    used 7355K, capacity 7865K, committed 7936K, reserved 1048576K
}
Event: 18.852 GC heap before
{Heap before GC invocations=20 (full 0):
 garbage-first heap   total 134144K, used 47133K [0x0000000080000000, 0x0000000100000000)
  region size 1024K, 6 young (6144K), 2 survivors (2048K)
 Metaspace       used 58411K, capacity 59852K, committed 59940K, reserved 1101824K
  class space    used 7392K, capacity 7931K, committed 7936K, reserved 1048576K
}
Event: 18.864 GC heap after
{Heap after GC invocations=21 (full 0):
 garbage-first heap   total 134144K, used 44647K [0x0000000080000000, 0x0000000100000000)
  region size 1024K, 3 young (3072K), 3 survivors (3072K)
 Metaspace       used 58411K, capacity 59852K, committed 59940K, reserved 1101824K
  class space    used 7392K, capacity 7931K, committed 7936K, reserved 1048576K
}
Event: 20.614 GC heap before
{Heap before GC invocations=22 (full 0):
 garbage-first heap   total 134144K, used 87655K [0x0000000080000000, 0x0000000100000000)
  region size 1024K, 45 young (46080K), 3 survivors (3072K)
 Metaspace       used 62665K, capacity 64157K, committed 64368K, reserved 1105920K
  class space    used 7919K, capacity 8459K, committed 8524K, reserved 1048576K
}
Event: 20.637 GC heap after
{Heap after GC invocations=23 (full 0):
 garbage-first heap   total 134144K, used 49279K [0x0000000080000000, 0x0000000100000000)
  region size 1024K, 6 young (6144K), 6 survivors (6144K)
 Metaspace       used 62665K, capacity 64157K, committed 64368K, reserved 1105920K
  class space    used 7919K, capacity 8459K, committed 8524K, reserved 1048576K
}
Event: 22.017 GC heap before
{Heap before GC invocations=24 (full 0):
 garbage-first heap   total 134144K, used 92287K [0x0000000080000000, 0x0000000100000000)
  region size 1024K, 48 young (49152K), 6 survivors (6144K)
 Metaspace       used 64900K, capacity 66456K, committed 66800K, reserved 1107968K
  class space    used 8236K, capacity 8794K, committed 8908K, reserved 1048576K
}
Event: 22.052 GC heap after
{Heap after GC invocations=25 (full 0):
 garbage-first heap   total 134144K, used 51867K [0x0000000080000000, 0x0000000100000000)
  region size 1024K, 4 young (4096K), 4 survivors (4096K)
 Metaspace       used 64900K, capacity 66456K, committed 66800K, reserved 1107968K
  class space    used 8236K, capacity 8794K, committed 8908K, reserved 1048576K
}
Event: 23.908 GC heap before
{Heap before GC invocations=25 (full 0):
 garbage-first heap   total 134144K, used 95899K [0x0000000080000000, 0x0000000100000000)
  region size 1024K, 47 young (48128K), 4 survivors (4096K)
 Metaspace       used 69779K, capacity 71475K, committed 71664K, reserved 1112064K
  class space    used 9022K, capacity 9622K, committed 9676K, reserved 1048576K
}
Event: 23.936 GC heap after
{Heap after GC invocations=26 (full 0):
 garbage-first heap   total 161792K, used 54838K [0x0000000080000000, 0x0000000100000000)
  region size 1024K, 3 young (3072K), 3 survivors (3072K)
 Metaspace       used 69779K, capacity 71475K, committed 71664K, reserved 1112064K
  class space    used 9022K, capacity 9622K, committed 9676K, reserved 1048576K
}
Event: 29.706 GC heap before
{Heap before GC invocations=26 (full 0):
 garbage-first heap   total 161792K, used 109110K [0x0000000080000000, 0x0000000100000000)
  region size 1024K, 56 young (57344K), 3 survivors (3072K)
 Metaspace       used 75830K, capacity 77636K, committed 77936K, reserved 1116160K
  class space    used 9856K, capacity 10505K, committed 10572K, reserved 1048576K
}
Event: 29.733 GC heap after
{Heap after GC invocations=27 (full 0):
 garbage-first heap   total 161792K, used 58031K [0x0000000080000000, 0x0000000100000000)
  region size 1024K, 6 young (6144K), 6 survivors (6144K)
 Metaspace       used 75830K, capacity 77636K, committed 77936K, reserved 1116160K
  class space    used 9856K, capacity 10505K, committed 10572K, reserved 1048576K
}
Event: 35.151 GC heap before
{Heap before GC invocations=27 (full 0):
 garbage-first heap   total 161792K, used 114351K [0x0000000080000000, 0x0000000100000000)
  region size 1024K, 62 young (63488K), 6 survivors (6144K)
 Metaspace       used 78850K, capacity 80811K, committed 81008K, reserved 1120256K
  class space    used 10284K, capacity 10998K, committed 11084K, reserved 1048576K
}
Event: 35.195 GC heap after
{Heap after GC invocations=28 (full 0):
 garbage-first heap   total 161792K, used 62417K [0x0000000080000000, 0x0000000100000000)
  region size 1024K, 8 young (8192K), 8 survivors (8192K)
 Metaspace       used 78850K, capacity 80811K, committed 81008K, reserved 1120256K
  class space    used 10284K, capacity 10998K, committed 11084K, reserved 1048576K
}
Event: 38.953 GC heap before
{Heap before GC invocations=28 (full 0):
 garbage-first heap   total 161792K, used 118737K [0x0000000080000000, 0x0000000100000000)
  region size 1024K, 64 young (65536K), 8 survivors (8192K)
 Metaspace       used 81015K, capacity 82988K, committed 83184K, reserved 1122304K
  class space    used 10472K, capacity 11198K, committed 11212K, reserved 1048576K
}
Event: 38.993 GC heap after
{Heap after GC invocations=29 (full 0):
 garbage-first heap   total 161792K, used 66392K [0x0000000080000000, 0x0000000100000000)
  region size 1024K, 8 young (8192K), 8 survivors (8192K)
 Metaspace       used 81015K, capacity 82988K, committed 83184K, reserved 1122304K
  class space    used 10472K, capacity 11198K, committed 11212K, reserved 1048576K
}
Event: 40.942 GC heap before
{Heap before GC invocations=29 (full 0):
 garbage-first heap   total 161792K, used 126808K [0x0000000080000000, 0x0000000100000000)
  region size 1024K, 65 young (66560K), 8 survivors (8192K)
 Metaspace       used 81208K, capacity 83180K, committed 83440K, reserved 1122304K
  class space    used 10473K, capacity 11198K, committed 11212K, reserved 1048576K
}
Event: 41.021 GC heap after
{Heap after GC invocations=30 (full 0):
 garbage-first heap   total 194560K, used 84992K [0x0000000080000000, 0x0000000100000000)
  region size 1024K, 9 young (9216K), 9 survivors (9216K)
 Metaspace       used 81208K, capacity 83180K, committed 83440K, reserved 1122304K
  class space    used 10473K, capacity 11198K, committed 11212K, reserved 1048576K
}

