# JRE version: OpenJDK Runtime Environment (11.0.10) (build 11.0.10+0-b96-7249189)
# Java VM: OpenJDK 64-Bit Server VM (11.0.10+0-b96-7249189, mixed mode, tiered, compressed oops, g1 gc, windows-amd64)
Heap:
 garbage-first heap   total 206848K, used 88064K [0x0000000080000000, 0x0000000100000000)
  region size 1024K, 6 young (6144K), 6 survivors (6144K)
 Metaspace       used 81682K, capacity 83791K, committed 83876K, reserved 1122304K
  class space    used 10538K, capacity 11316K, committed 11392K, reserved 1048576K
GC Heap History (20 events):
Event: 16.849 GC heap after
{Heap after GC invocations=19 (full 0):
 garbage-first heap   total 110592K, used 41458K [0x0000000080000000, 0x0000000100000000)
  region size 1024K, 7 young (7168K), 7 survivors (7168K)
 Metaspace       used 51146K, capacity 52393K, committed 52476K, reserved 1095680K
  class space    used 6496K, capacity 6961K, committed 7040K, reserved 1048576K
}
Event: 18.427 GC heap before
{Heap before GC invocations=19 (full 0):
 garbage-first heap   total 110592K, used 80370K [0x0000000080000000, 0x0000000100000000)
  region size 1024K, 45 young (46080K), 7 survivors (7168K)
 Metaspace       used 57466K, capacity 58955K, committed 59132K, reserved 1101824K
  class space    used 7263K, capacity 7802K, committed 7808K, reserved 1048576K
}
Event: 18.465 GC heap after
{Heap after GC invocations=20 (full 0):
 garbage-first heap   total 110592K, used 43992K [0x0000000080000000, 0x0000000100000000)
  region size 1024K, 2 young (2048K), 2 survivors (2048K)
 Metaspace       used 57466K, capacity 58955K, committed 59132K, reserved 1101824K
  class space    used 7263K, capacity 7802K, committed 7808K, reserved 1048576K
}
Event: 18.784 GC heap before
{Heap before GC invocations=20 (full 0):
 garbage-first heap   total 110592K, used 52184K [0x0000000080000000, 0x0000000100000000)
  region size 1024K, 11 young (11264K), 2 survivors (2048K)
 Metaspace       used 58377K, capacity 59856K, committed 59940K, reserved 1101824K
  class space    used 7387K, capacity 7932K, committed 7936K, reserved 1048576K
}
Event: 18.813 GC heap after
{Heap after GC invocations=21 (full 0):
 garbage-first heap   total 133120K, used 44654K [0x0000000080000000, 0x0000000100000000)
  region size 1024K, 3 young (3072K), 3 survivors (3072K)
 Metaspace       used 58377K, capacity 59856K, committed 59940K, reserved 1101824K
  class space    used 7387K, capacity 7932K, committed 7936K, reserved 1048576K
}
Event: 21.917 GC heap before
{Heap before GC invocations=22 (full 0):
 garbage-first heap   total 133120K, used 85614K [0x0000000080000000, 0x0000000100000000)
  region size 1024K, 44 young (45056K), 3 survivors (3072K)
 Metaspace       used 62651K, capacity 64155K, committed 64420K, reserved 1105920K
  class space    used 7915K, capacity 8459K, committed 8576K, reserved 1048576K
}
Event: 21.945 GC heap after
{Heap after GC invocations=23 (full 0):
 garbage-first heap   total 133120K, used 48016K [0x0000000080000000, 0x0000000100000000)
  region size 1024K, 6 young (6144K), 6 survivors (6144K)
 Metaspace       used 62651K, capacity 64155K, committed 64420K, reserved 1105920K
  class space    used 7915K, capacity 8459K, committed 8576K, reserved 1048576K
}
Event: 23.001 GC heap before
{Heap before GC invocations=23 (full 0):
 garbage-first heap   total 133120K, used 91024K [0x0000000080000000, 0x0000000100000000)
  region size 1024K, 48 young (49152K), 6 survivors (6144K)
 Metaspace       used 64860K, capacity 66454K, committed 66724K, reserved 1107968K
  class space    used 8227K, capacity 8794K, committed 8832K, reserved 1048576K
}
Event: 23.061 GC heap after
{Heap after GC invocations=24 (full 0):
 garbage-first heap   total 133120K, used 51862K [0x0000000080000000, 0x0000000100000000)
  region size 1024K, 4 young (4096K), 4 survivors (4096K)
 Metaspace       used 64860K, capacity 66454K, committed 66724K, reserved 1107968K
  class space    used 8227K, capacity 8794K, committed 8832K, reserved 1048576K
}
Event: 25.641 GC heap before
{Heap before GC invocations=24 (full 0):
 garbage-first heap   total 133120K, used 94870K [0x0000000080000000, 0x0000000100000000)
  region size 1024K, 46 young (47104K), 4 survivors (4096K)
 Metaspace       used 69661K, capacity 71269K, committed 71460K, reserved 1112064K
  class space    used 9006K, capacity 9619K, committed 9728K, reserved 1048576K
}
Event: 25.672 GC heap after
{Heap after GC invocations=25 (full 0):
 garbage-first heap   total 133120K, used 55119K [0x0000000080000000, 0x0000000100000000)
  region size 1024K, 3 young (3072K), 3 survivors (3072K)
 Metaspace       used 69661K, capacity 71269K, committed 71460K, reserved 1112064K
  class space    used 9006K, capacity 9619K, committed 9728K, reserved 1048576K
}
Event: 27.348 GC heap before
{Heap before GC invocations=25 (full 0):
 garbage-first heap   total 133120K, used 98127K [0x0000000080000000, 0x0000000100000000)
  region size 1024K, 45 young (46080K), 3 survivors (3072K)
 Metaspace       used 74785K, capacity 76582K, committed 76836K, reserved 1116160K
  class space    used 9729K, capacity 10392K, committed 10496K, reserved 1048576K
}
Event: 27.371 GC heap after
{Heap after GC invocations=26 (full 0):
 garbage-first heap   total 161792K, used 57012K [0x0000000080000000, 0x0000000100000000)
  region size 1024K, 5 young (5120K), 5 survivors (5120K)
 Metaspace       used 74785K, capacity 76582K, committed 76836K, reserved 1116160K
  class space    used 9729K, capacity 10392K, committed 10496K, reserved 1048576K
}
Event: 31.405 GC heap before
{Heap before GC invocations=26 (full 0):
 garbage-first heap   total 161792K, used 111284K [0x0000000080000000, 0x0000000100000000)
  region size 1024K, 58 young (59392K), 5 survivors (5120K)
 Metaspace       used 78710K, capacity 80665K, committed 80932K, reserved 1120256K
  class space    used 10280K, capacity 10995K, committed 11008K, reserved 1048576K
}
Event: 31.467 GC heap after
{Heap after GC invocations=27 (full 0):
 garbage-first heap   total 161792K, used 61581K [0x0000000080000000, 0x0000000100000000)
  region size 1024K, 7 young (7168K), 7 survivors (7168K)
 Metaspace       used 78710K, capacity 80665K, committed 80932K, reserved 1120256K
  class space    used 10280K, capacity 10995K, committed 11008K, reserved 1048576K
}
Event: 34.645 GC heap before
{Heap before GC invocations=27 (full 0):
 garbage-first heap   total 161792K, used 115853K [0x0000000080000000, 0x0000000100000000)
  region size 1024K, 61 young (62464K), 7 survivors (7168K)
 Metaspace       used 80210K, capacity 82311K, committed 82468K, reserved 1120256K
  class space    used 10422K, capacity 11208K, committed 11264K, reserved 1048576K
}
Event: 34.690 GC heap after
{Heap after GC invocations=28 (full 0):
 garbage-first heap   total 161792K, used 64653K [0x0000000080000000, 0x0000000100000000)
  region size 1024K, 8 young (8192K), 8 survivors (8192K)
 Metaspace       used 80210K, capacity 82311K, committed 82468K, reserved 1120256K
  class space    used 10422K, capacity 11208K, committed 11264K, reserved 1048576K
}
Event: 38.010 GC heap before
{Heap before GC invocations=28 (full 0):
 garbage-first heap   total 161792K, used 125069K [0x0000000080000000, 0x0000000100000000)
  region size 1024K, 66 young (67584K), 8 survivors (8192K)
 Metaspace       used 81667K, capacity 83727K, committed 83876K, reserved 1122304K
  class space    used 10538K, capacity 11316K, committed 11392K, reserved 1048576K
}
Event: 38.178 GC heap after
{Heap after GC invocations=29 (full 0):
 garbage-first heap   total 161792K, used 81320K [0x0000000080000000, 0x0000000100000000)
  region size 1024K, 9 young (9216K), 9 survivors (9216K)
 Metaspace       used 81667K, capacity 83727K, committed 83876K, reserved 1122304K
  class space    used 10538K, capacity 11316K, committed 11392K, reserved 1048576K
}
Event: 39.065 GC heap before
{Heap before GC invocations=29 (full 0):
 garbage-first heap   total 161792K, used 103848K [0x0000000080000000, 0x0000000100000000)
  region size 1024K, 32 young (32768K), 9 survivors (9216K)
 Metaspace       used 81682K, capacity 83791K, committed 83876K, reserved 1122304K
  class space    used 10538K, capacity 11316K, committed 11392K, reserved 1048576K
}

