# JRE version: OpenJDK Runtime Environment (11.0.10) (build 11.0.10+0-b96-7249189)
# Java VM: OpenJDK 64-Bit Server VM (11.0.10+0-b96-7249189, mixed mode, tiered, compressed oops, g1 gc, windows-amd64)
Heap:
 garbage-first heap   total 92160K, used 54133K [0x0000000080000000, 0x0000000100000000)
  region size 1024K, 1 young (1024K), 1 survivors (1024K)
 Metaspace       used 45094K, capacity 46171K, committed 46336K, reserved 1089536K
  class space    used 5890K, capacity 6289K, committed 6400K, reserved 1048576K
GC Heap History (20 events):
Event: 22.888 GC heap after
{Heap after GC invocations=26 (full 0):
 garbage-first heap   total 63488K, used 44887K [0x0000000080000000, 0x0000000100000000)
  region size 1024K, 1 young (1024K), 1 survivors (1024K)
 Metaspace       used 39551K, capacity 40580K, committed 40832K, reserved 1085440K
  class space    used 5028K, capacity 5400K, committed 5504K, reserved 1048576K
}
Event: 23.061 GC heap before
{Heap before GC invocations=26 (full 0):
 garbage-first heap   total 63488K, used 51031K [0x0000000080000000, 0x0000000100000000)
  region size 1024K, 7 young (7168K), 1 survivors (1024K)
 Metaspace       used 40003K, capacity 41034K, committed 41088K, reserved 1085440K
  class space    used 5094K, capacity 5466K, committed 5504K, reserved 1048576K
}
Event: 23.066 GC heap after
{Heap after GC invocations=27 (full 0):
 garbage-first heap   total 63488K, used 45043K [0x0000000080000000, 0x0000000100000000)
  region size 1024K, 1 young (1024K), 1 survivors (1024K)
 Metaspace       used 40003K, capacity 41034K, committed 41088K, reserved 1085440K
  class space    used 5094K, capacity 5466K, committed 5504K, reserved 1048576K
}
Event: 23.422 GC heap before
{Heap before GC invocations=28 (full 0):
 garbage-first heap   total 63488K, used 51187K [0x0000000080000000, 0x0000000100000000)
  region size 1024K, 7 young (7168K), 1 survivors (1024K)
 Metaspace       used 40614K, capacity 41602K, committed 41728K, reserved 1085440K
  class space    used 5201K, capacity 5572K, committed 5632K, reserved 1048576K
}
Event: 23.429 GC heap after
{Heap after GC invocations=29 (full 0):
 garbage-first heap   total 63488K, used 45309K [0x0000000080000000, 0x0000000100000000)
  region size 1024K, 1 young (1024K), 1 survivors (1024K)
 Metaspace       used 40614K, capacity 41602K, committed 41728K, reserved 1085440K
  class space    used 5201K, capacity 5572K, committed 5632K, reserved 1048576K
}
Event: 23.570 GC heap before
{Heap before GC invocations=29 (full 0):
 garbage-first heap   total 63488K, used 51453K [0x0000000080000000, 0x0000000100000000)
  region size 1024K, 7 young (7168K), 1 survivors (1024K)
 Metaspace       used 41023K, capacity 42007K, committed 42368K, reserved 1085440K
  class space    used 5260K, capacity 5644K, committed 5760K, reserved 1048576K
}
Event: 23.575 GC heap after
{Heap after GC invocations=30 (full 0):
 garbage-first heap   total 63488K, used 45399K [0x0000000080000000, 0x0000000100000000)
  region size 1024K, 1 young (1024K), 1 survivors (1024K)
 Metaspace       used 41023K, capacity 42007K, committed 42368K, reserved 1085440K
  class space    used 5260K, capacity 5644K, committed 5760K, reserved 1048576K
}
Event: 23.815 GC heap before
{Heap before GC invocations=31 (full 0):
 garbage-first heap   total 63488K, used 51543K [0x0000000080000000, 0x0000000100000000)
  region size 1024K, 7 young (7168K), 1 survivors (1024K)
 Metaspace       used 41553K, capacity 42648K, committed 42880K, reserved 1087488K
  class space    used 5330K, capacity 5731K, committed 5760K, reserved 1048576K
}
Event: 23.821 GC heap after
{Heap after GC invocations=32 (full 0):
 garbage-first heap   total 63488K, used 45487K [0x0000000080000000, 0x0000000100000000)
  region size 1024K, 1 young (1024K), 1 survivors (1024K)
 Metaspace       used 41553K, capacity 42648K, committed 42880K, reserved 1087488K
  class space    used 5330K, capacity 5731K, committed 5760K, reserved 1048576K
}
Event: 24.054 GC heap before
{Heap before GC invocations=32 (full 0):
 garbage-first heap   total 63488K, used 51631K [0x0000000080000000, 0x0000000100000000)
  region size 1024K, 7 young (7168K), 1 survivors (1024K)
 Metaspace       used 41946K, capacity 43080K, committed 43264K, reserved 1087488K
  class space    used 5396K, capacity 5811K, committed 5888K, reserved 1048576K
}
Event: 24.059 GC heap after
{Heap after GC invocations=33 (full 0):
 garbage-first heap   total 63488K, used 45662K [0x0000000080000000, 0x0000000100000000)
  region size 1024K, 1 young (1024K), 1 survivors (1024K)
 Metaspace       used 41946K, capacity 43080K, committed 43264K, reserved 1087488K
  class space    used 5396K, capacity 5811K, committed 5888K, reserved 1048576K
}
Event: 24.243 GC heap before
{Heap before GC invocations=34 (full 0):
 garbage-first heap   total 63488K, used 46686K [0x0000000080000000, 0x0000000100000000)
  region size 1024K, 3 young (3072K), 1 survivors (1024K)
 Metaspace       used 42035K, capacity 43150K, committed 43264K, reserved 1087488K
  class space    used 5406K, capacity 5813K, committed 5888K, reserved 1048576K
}
Event: 24.251 GC heap after
{Heap after GC invocations=35 (full 0):
 garbage-first heap   total 76800K, used 45950K [0x0000000080000000, 0x0000000100000000)
  region size 1024K, 1 young (1024K), 1 survivors (1024K)
 Metaspace       used 42035K, capacity 43150K, committed 43264K, reserved 1087488K
  class space    used 5406K, capacity 5813K, committed 5888K, reserved 1048576K
}
Event: 26.262 GC heap before
{Heap before GC invocations=36 (full 0):
 garbage-first heap   total 76800K, used 61310K [0x0000000080000000, 0x0000000100000000)
  region size 1024K, 12 young (12288K), 1 survivors (1024K)
 Metaspace       used 43823K, capacity 44914K, committed 45056K, reserved 1087488K
  class space    used 5725K, capacity 6126K, committed 6144K, reserved 1048576K
}
Event: 26.273 GC heap after
{Heap after GC invocations=37 (full 0):
 garbage-first heap   total 76800K, used 52431K [0x0000000080000000, 0x0000000100000000)
  region size 1024K, 2 young (2048K), 2 survivors (2048K)
 Metaspace       used 43823K, capacity 44914K, committed 45056K, reserved 1087488K
  class space    used 5725K, capacity 6126K, committed 6144K, reserved 1048576K
}
Event: 26.797 GC heap before
{Heap before GC invocations=37 (full 0):
 garbage-first heap   total 76800K, used 60623K [0x0000000080000000, 0x0000000100000000)
  region size 1024K, 10 young (10240K), 2 survivors (2048K)
 Metaspace       used 44911K, capacity 46034K, committed 46336K, reserved 1089536K
  class space    used 5879K, capacity 6286K, committed 6400K, reserved 1048576K
}
Event: 26.811 GC heap after
{Heap after GC invocations=38 (full 0):
 garbage-first heap   total 76800K, used 53396K [0x0000000080000000, 0x0000000100000000)
  region size 1024K, 1 young (1024K), 1 survivors (1024K)
 Metaspace       used 44911K, capacity 46034K, committed 46336K, reserved 1089536K
  class space    used 5879K, capacity 6286K, committed 6400K, reserved 1048576K
}
Event: 27.810 GC heap before
{Heap before GC invocations=39 (full 0):
 garbage-first heap   total 76800K, used 61588K [0x0000000080000000, 0x0000000100000000)
  region size 1024K, 9 young (9216K), 1 survivors (1024K)
 Metaspace       used 45058K, capacity 46171K, committed 46336K, reserved 1089536K
  class space    used 5890K, capacity 6289K, committed 6400K, reserved 1048576K
}
Event: 27.819 GC heap after
{Heap after GC invocations=40 (full 0):
 garbage-first heap   total 76800K, used 53663K [0x0000000080000000, 0x0000000100000000)
  region size 1024K, 2 young (2048K), 2 survivors (2048K)
 Metaspace       used 45058K, capacity 46171K, committed 46336K, reserved 1089536K
  class space    used 5890K, capacity 6289K, committed 6400K, reserved 1048576K
}
Event: 28.018 GC heap before
{Heap before GC invocations=40 (full 0):
 garbage-first heap   total 76800K, used 61855K [0x0000000080000000, 0x0000000100000000)
  region size 1024K, 10 young (10240K), 2 survivors (2048K)
 Metaspace       used 45094K, capacity 46171K, committed 46336K, reserved 1089536K
  class space    used 5890K, capacity 6289K, committed 6400K, reserved 1048576K
}

