# JRE version: OpenJDK Runtime Environment (11.0.10) (build 11.0.10+0-b96-7249189)
# Java VM: OpenJDK 64-Bit Server VM (11.0.10+0-b96-7249189, mixed mode, tiered, compressed oops, g1 gc, windows-amd64)
Heap:
 garbage-first heap   total 192512K, used 89561K [0x0000000080000000, 0x0000000100000000)
  region size 1024K, 1 young (1024K), 1 survivors (1024K)
 Metaspace       used 82148K, capacity 84242K, committed 84476K, reserved 1122304K
  class space    used 10567K, capacity 11319K, committed 11392K, reserved 1048576K
GC Heap History (20 events):
Event: 30.342 GC heap after
{Heap after GC invocations=26 (full 0):
 garbage-first heap   total 110592K, used 54071K [0x0000000080000000, 0x0000000100000000)
  region size 1024K, 4 young (4096K), 4 survivors (4096K)
 Metaspace       used 69162K, capacity 70798K, committed 70908K, reserved 1110016K
  class space    used 8925K, capacity 9506K, committed 9600K, reserved 1048576K
}
Event: 31.576 GC heap before
{Heap before GC invocations=27 (full 0):
 garbage-first heap   total 110592K, used 82743K [0x0000000080000000, 0x0000000100000000)
  region size 1024K, 32 young (32768K), 4 survivors (4096K)
 Metaspace       used 71388K, capacity 73012K, committed 73212K, reserved 1112064K
  class space    used 9242K, capacity 9849K, committed 9856K, reserved 1048576K
}
Event: 31.604 GC heap after
{Heap after GC invocations=28 (full 0):
 garbage-first heap   total 110592K, used 55905K [0x0000000080000000, 0x0000000100000000)
  region size 1024K, 4 young (4096K), 4 survivors (4096K)
 Metaspace       used 71388K, capacity 73012K, committed 73212K, reserved 1112064K
  class space    used 9242K, capacity 9849K, committed 9856K, reserved 1048576K
}
Event: 32.845 GC heap before
{Heap before GC invocations=28 (full 0):
 garbage-first heap   total 110592K, used 84577K [0x0000000080000000, 0x0000000100000000)
  region size 1024K, 32 young (32768K), 4 survivors (4096K)
 Metaspace       used 75435K, capacity 77209K, committed 77436K, reserved 1116160K
  class space    used 9803K, capacity 10427K, committed 10496K, reserved 1048576K
}
Event: 32.869 GC heap after
{Heap after GC invocations=29 (full 0):
 garbage-first heap   total 133120K, used 57788K [0x0000000080000000, 0x0000000100000000)
  region size 1024K, 4 young (4096K), 4 survivors (4096K)
 Metaspace       used 75435K, capacity 77209K, committed 77436K, reserved 1116160K
  class space    used 9803K, capacity 10427K, committed 10496K, reserved 1048576K
}
Event: 35.169 GC heap before
{Heap before GC invocations=30 (full 0):
 garbage-first heap   total 133120K, used 94652K [0x0000000080000000, 0x0000000100000000)
  region size 1024K, 40 young (40960K), 4 survivors (4096K)
 Metaspace       used 78404K, capacity 80307K, committed 80508K, reserved 1118208K
  class space    used 10251K, capacity 10966K, committed 11008K, reserved 1048576K
}
Event: 35.196 GC heap after
{Heap after GC invocations=31 (full 0):
 garbage-first heap   total 133120K, used 60271K [0x0000000080000000, 0x0000000100000000)
  region size 1024K, 5 young (5120K), 5 survivors (5120K)
 Metaspace       used 78404K, capacity 80307K, committed 80508K, reserved 1118208K
  class space    used 10251K, capacity 10966K, committed 11008K, reserved 1048576K
}
Event: 36.534 GC heap before
{Heap before GC invocations=31 (full 0):
 garbage-first heap   total 133120K, used 96111K [0x0000000080000000, 0x0000000100000000)
  region size 1024K, 41 young (41984K), 5 survivors (5120K)
 Metaspace       used 78911K, capacity 80840K, committed 81020K, reserved 1120256K
  class space    used 10285K, capacity 11005K, committed 11008K, reserved 1048576K
}
Event: 36.560 GC heap after
{Heap after GC invocations=32 (full 0):
 garbage-first heap   total 133120K, used 62800K [0x0000000080000000, 0x0000000100000000)
  region size 1024K, 5 young (5120K), 5 survivors (5120K)
 Metaspace       used 78911K, capacity 80840K, committed 81020K, reserved 1120256K
  class space    used 10285K, capacity 11005K, committed 11008K, reserved 1048576K
}
Event: 38.495 GC heap before
{Heap before GC invocations=32 (full 0):
 garbage-first heap   total 133120K, used 99664K [0x0000000080000000, 0x0000000100000000)
  region size 1024K, 42 young (43008K), 5 survivors (5120K)
 Metaspace       used 80935K, capacity 83001K, committed 83068K, reserved 1122304K
  class space    used 10468K, capacity 11203K, committed 11264K, reserved 1048576K
}
Event: 38.522 GC heap after
{Heap after GC invocations=33 (full 0):
 garbage-first heap   total 133120K, used 65286K [0x0000000080000000, 0x0000000100000000)
  region size 1024K, 5 young (5120K), 5 survivors (5120K)
 Metaspace       used 80935K, capacity 83001K, committed 83068K, reserved 1122304K
  class space    used 10468K, capacity 11203K, committed 11264K, reserved 1048576K
}
Event: 39.677 GC heap before
{Heap before GC invocations=33 (full 0):
 garbage-first heap   total 133120K, used 102150K [0x0000000080000000, 0x0000000100000000)
  region size 1024K, 42 young (43008K), 5 survivors (5120K)
 Metaspace       used 81203K, capacity 83193K, committed 83324K, reserved 1122304K
  class space    used 10468K, capacity 11203K, committed 11264K, reserved 1048576K
}
Event: 39.740 GC heap after
{Heap after GC invocations=34 (full 0):
 garbage-first heap   total 159744K, used 73728K [0x0000000080000000, 0x0000000100000000)
  region size 1024K, 6 young (6144K), 6 survivors (6144K)
 Metaspace       used 81203K, capacity 83193K, committed 83324K, reserved 1122304K
  class space    used 10468K, capacity 11203K, committed 11264K, reserved 1048576K
}
Event: 41.063 GC heap before
{Heap before GC invocations=35 (full 0):
 garbage-first heap   total 159744K, used 119808K [0x0000000080000000, 0x0000000100000000)
  region size 1024K, 48 young (49152K), 6 survivors (6144K)
 Metaspace       used 81829K, capacity 83891K, committed 84220K, reserved 1122304K
  class space    used 10529K, capacity 11290K, committed 11392K, reserved 1048576K
}
Event: 41.121 GC heap after
{Heap after GC invocations=36 (full 0):
 garbage-first heap   total 159744K, used 86528K [0x0000000080000000, 0x0000000100000000)
  region size 1024K, 6 young (6144K), 6 survivors (6144K)
 Metaspace       used 81829K, capacity 83891K, committed 84220K, reserved 1122304K
  class space    used 10529K, capacity 11290K, committed 11392K, reserved 1048576K
}
Event: 41.378 GC heap before
{Heap before GC invocations=36 (full 0):
 garbage-first heap   total 159744K, used 93696K [0x0000000080000000, 0x0000000100000000)
  region size 1024K, 14 young (14336K), 6 survivors (6144K)
 Metaspace       used 82162K, capacity 84272K, committed 84476K, reserved 1122304K
  class space    used 10572K, capacity 11329K, committed 11392K, reserved 1048576K
}
Event: 41.404 GC heap after
{Heap after GC invocations=37 (full 0):
 garbage-first heap   total 159744K, used 88576K [0x0000000080000000, 0x0000000100000000)
  region size 1024K, 2 young (2048K), 2 survivors (2048K)
 Metaspace       used 82162K, capacity 84272K, committed 84476K, reserved 1122304K
  class space    used 10572K, capacity 11329K, committed 11392K, reserved 1048576K
}
Event: 41.882 GC heap before
{Heap before GC invocations=38 (full 0):
 garbage-first heap   total 159744K, used 89600K [0x0000000080000000, 0x0000000100000000)
  region size 1024K, 3 young (3072K), 2 survivors (2048K)
 Metaspace       used 82143K, capacity 84242K, committed 84476K, reserved 1122304K
  class space    used 10566K, capacity 11319K, committed 11392K, reserved 1048576K
}
Event: 41.900 GC heap after
{Heap after GC invocations=39 (full 0):
 garbage-first heap   total 159744K, used 88527K [0x0000000080000000, 0x0000000100000000)
  region size 1024K, 1 young (1024K), 1 survivors (1024K)
 Metaspace       used 82143K, capacity 84242K, committed 84476K, reserved 1122304K
  class space    used 10566K, capacity 11319K, committed 11392K, reserved 1048576K
}
Event: 42.349 GC heap before
{Heap before GC invocations=40 (full 0):
 garbage-first heap   total 159744K, used 90575K [0x0000000080000000, 0x0000000100000000)
  region size 1024K, 2 young (2048K), 1 survivors (1024K)
 Metaspace       used 82148K, capacity 84242K, committed 84476K, reserved 1122304K
  class space    used 10567K, capacity 11319K, committed 11392K, reserved 1048576K
}

