# JRE version: OpenJDK Runtime Environment (11.0.10) (build 11.0.10+0-b96-7249189)
# Java VM: OpenJDK 64-Bit Server VM (11.0.10+0-b96-7249189, mixed mode, tiered, compressed oops, g1 gc, windows-amd64)
Heap:
 garbage-first heap   total 258048K, used 158860K [0x0000000080000000, 0x0000000100000000)
  region size 1024K, 17 young (17408K), 1 survivors (1024K)
 Metaspace       used 146703K, capacity 151121K, committed 151168K, reserved 1179648K
  class space    used 18575K, capacity 20076K, committed 20096K, reserved 1048576K
GC Heap History (20 events):
Event: 389.648 GC heap before
{Heap before GC invocations=80 (full 0):
 garbage-first heap   total 258048K, used 148480K [0x0000000080000000, 0x0000000100000000)
  region size 1024K, 12 young (12288K), 6 survivors (6144K)
 Metaspace       used 124675K, capacity 128366K, committed 128640K, reserved 1161216K
  class space    used 15717K, capacity 16923K, committed 17024K, reserved 1048576K
}
Event: 389.680 GC heap after
{Heap after GC invocations=81 (full 0):
 garbage-first heap   total 258048K, used 136882K [0x0000000080000000, 0x0000000100000000)
  region size 1024K, 1 young (1024K), 1 survivors (1024K)
 Metaspace       used 124675K, capacity 128366K, committed 128640K, reserved 1161216K
  class space    used 15717K, capacity 16923K, committed 17024K, reserved 1048576K
}
Event: 394.553 GC heap before
{Heap before GC invocations=81 (full 0):
 garbage-first heap   total 258048K, used 191154K [0x0000000080000000, 0x0000000100000000)
  region size 1024K, 55 young (56320K), 1 survivors (1024K)
 Metaspace       used 126162K, capacity 129750K, committed 130048K, reserved 1163264K
  class space    used 15869K, capacity 17077K, committed 17152K, reserved 1048576K
}
Event: 394.577 GC heap after
{Heap after GC invocations=82 (full 0):
 garbage-first heap   total 258048K, used 139234K [0x0000000080000000, 0x0000000100000000)
  region size 1024K, 4 young (4096K), 4 survivors (4096K)
 Metaspace       used 126162K, capacity 129750K, committed 130048K, reserved 1163264K
  class space    used 15869K, capacity 17077K, committed 17152K, reserved 1048576K
}
Event: 396.794 GC heap before
{Heap before GC invocations=83 (full 0):
 garbage-first heap   total 258048K, used 191458K [0x0000000080000000, 0x0000000100000000)
  region size 1024K, 60 young (61440K), 4 survivors (4096K)
 Metaspace       used 129969K, capacity 133718K, committed 133888K, reserved 1165312K
  class space    used 16379K, capacity 17650K, committed 17664K, reserved 1048576K
}
Event: 396.827 GC heap after
{Heap after GC invocations=84 (full 0):
 garbage-first heap   total 258048K, used 139798K [0x0000000080000000, 0x0000000100000000)
  region size 1024K, 8 young (8192K), 8 survivors (8192K)
 Metaspace       used 129969K, capacity 133718K, committed 133888K, reserved 1165312K
  class space    used 16379K, capacity 17650K, committed 17664K, reserved 1048576K
}
Event: 396.983 GC heap before
{Heap before GC invocations=84 (full 0):
 garbage-first heap   total 258048K, used 142870K [0x0000000080000000, 0x0000000100000000)
  region size 1024K, 12 young (12288K), 8 survivors (8192K)
 Metaspace       used 130937K, capacity 134700K, committed 134784K, reserved 1167360K
  class space    used 16504K, capacity 17786K, committed 17792K, reserved 1048576K
}
Event: 397.016 GC heap after
{Heap after GC invocations=85 (full 0):
 garbage-first heap   total 258048K, used 138322K [0x0000000080000000, 0x0000000100000000)
  region size 1024K, 1 young (1024K), 1 survivors (1024K)
 Metaspace       used 130937K, capacity 134700K, committed 134784K, reserved 1167360K
  class space    used 16504K, capacity 17786K, committed 17792K, reserved 1048576K
}
Event: 397.389 GC heap before
{Heap before GC invocations=85 (full 0):
 garbage-first heap   total 258048K, used 146514K [0x0000000080000000, 0x0000000100000000)
  region size 1024K, 10 young (10240K), 1 survivors (1024K)
 Metaspace       used 133268K, capacity 137014K, committed 137088K, reserved 1169408K
  class space    used 16772K, capacity 18048K, committed 18048K, reserved 1048576K
}
Event: 397.399 GC heap after
{Heap after GC invocations=86 (full 0):
 garbage-first heap   total 258048K, used 138278K [0x0000000080000000, 0x0000000100000000)
  region size 1024K, 1 young (1024K), 1 survivors (1024K)
 Metaspace       used 133268K, capacity 137014K, committed 137088K, reserved 1169408K
  class space    used 16772K, capacity 18048K, committed 18048K, reserved 1048576K
}
Event: 400.896 GC heap before
{Heap before GC invocations=87 (full 0):
 garbage-first heap   total 258048K, used 204838K [0x0000000080000000, 0x0000000100000000)
  region size 1024K, 62 young (63488K), 1 survivors (1024K)
 Metaspace       used 136893K, capacity 140830K, committed 140928K, reserved 1171456K
  class space    used 17213K, capacity 18535K, committed 18560K, reserved 1048576K
}
Event: 400.936 GC heap after
{Heap after GC invocations=88 (full 0):
 garbage-first heap   total 258048K, used 149251K [0x0000000080000000, 0x0000000100000000)
  region size 1024K, 8 young (8192K), 8 survivors (8192K)
 Metaspace       used 136893K, capacity 140830K, committed 140928K, reserved 1171456K
  class space    used 17213K, capacity 18535K, committed 18560K, reserved 1048576K
}
Event: 401.037 GC heap before
{Heap before GC invocations=88 (full 0):
 garbage-first heap   total 258048K, used 152323K [0x0000000080000000, 0x0000000100000000)
  region size 1024K, 12 young (12288K), 8 survivors (8192K)
 Metaspace       used 137210K, capacity 141182K, committed 141312K, reserved 1171456K
  class space    used 17258K, capacity 18567K, committed 18688K, reserved 1048576K
}
Event: 401.068 GC heap after
{Heap after GC invocations=89 (full 0):
 garbage-first heap   total 258048K, used 149871K [0x0000000080000000, 0x0000000100000000)
  region size 1024K, 2 young (2048K), 2 survivors (2048K)
 Metaspace       used 137210K, capacity 141182K, committed 141312K, reserved 1171456K
  class space    used 17258K, capacity 18567K, committed 18688K, reserved 1048576K
}
Event: 404.579 GC heap before
{Heap before GC invocations=89 (full 0):
 garbage-first heap   total 258048K, used 204143K [0x0000000080000000, 0x0000000100000000)
  region size 1024K, 56 young (57344K), 2 survivors (2048K)
 Metaspace       used 142833K, capacity 147023K, committed 147200K, reserved 1177600K
  class space    used 17984K, capacity 19422K, committed 19456K, reserved 1048576K
}
Event: 404.616 GC heap after
{Heap after GC invocations=90 (full 0):
 garbage-first heap   total 258048K, used 152431K [0x0000000080000000, 0x0000000100000000)
  region size 1024K, 4 young (4096K), 4 survivors (4096K)
 Metaspace       used 142833K, capacity 147023K, committed 147200K, reserved 1177600K
  class space    used 17984K, capacity 19422K, committed 19456K, reserved 1048576K
}
Event: 407.747 GC heap before
{Heap before GC invocations=91 (full 0):
 garbage-first heap   total 258048K, used 209775K [0x0000000080000000, 0x0000000100000000)
  region size 1024K, 59 young (60416K), 4 survivors (4096K)
 Metaspace       used 145653K, capacity 149992K, committed 150272K, reserved 1179648K
  class space    used 18429K, capacity 19896K, committed 19968K, reserved 1048576K
}
Event: 407.770 GC heap after
{Heap after GC invocations=92 (full 0):
 garbage-first heap   total 258048K, used 151407K [0x0000000080000000, 0x0000000100000000)
  region size 1024K, 3 young (3072K), 3 survivors (3072K)
 Metaspace       used 145653K, capacity 149992K, committed 150272K, reserved 1179648K
  class space    used 18429K, capacity 19896K, committed 19968K, reserved 1048576K
}
Event: 408.254 GC heap before
{Heap before GC invocations=92 (full 0):
 garbage-first heap   total 258048K, used 174959K [0x0000000080000000, 0x0000000100000000)
  region size 1024K, 12 young (12288K), 3 survivors (3072K)
 Metaspace       used 146476K, capacity 150864K, committed 150912K, reserved 1179648K
  class space    used 18555K, capacity 20061K, committed 20096K, reserved 1048576K
}
Event: 408.279 GC heap after
{Heap after GC invocations=93 (full 0):
 garbage-first heap   total 258048K, used 144524K [0x0000000080000000, 0x0000000100000000)
  region size 1024K, 1 young (1024K), 1 survivors (1024K)
 Metaspace       used 146476K, capacity 150864K, committed 150912K, reserved 1179648K
  class space    used 18555K, capacity 20061K, committed 20096K, reserved 1048576K
}

